<?xml version="1.0" encoding="UTF-8"?>
<!-- Generated by org.testng.reporters.JUnitReportReporter -->
<testsuite hostname="IBM-B6353F3" failures="0" tests="2" name="Demo2.Test2" time="0.009" errors="0" timestamp="2024-04-11T20:14:23 IST" skipped="0">
  <testcase classname="Demo2.Test2" name="method2" time="0.002"/>
  <testcase classname="Demo2.Test2" name="method1" time="0.007"/>
</testsuite> <!-- Demo2.Test2 -->
