<?xml version="1.0" encoding="UTF-8"?>
<!-- Generated by org.testng.reporters.JUnitReportReporter -->
<testsuite hostname="IBM-B6353F3" failures="0" tests="2" name="Demo1.Test1" time="0.005" errors="0" timestamp="2024-04-11T20:14:23 IST" skipped="0">
  <testcase classname="Demo1.Test1" name="method2" time="0.002"/>
  <testcase classname="Demo1.Test1" name="method1" time="0.003"/>
</testsuite> <!-- Demo1.Test1 -->
