<?xml version="1.0" encoding="UTF-8"?>
<!-- Generated by org.testng.reporters.JUnitReportReporter -->
<testsuite hostname="IBM-B6353F3" failures="0" tests="3" name="Demo1.PriorityDemo" time="0.014" errors="0" timestamp="2024-04-06T13:05:35 IST" skipped="0">
  <testcase classname="Demo1.PriorityDemo" name="method3" time="0.012"/>
  <testcase classname="Demo1.PriorityDemo" name="method1" time="0.001"/>
  <testcase classname="Demo1.PriorityDemo" name="method2" time="0.001"/>
</testsuite> <!-- Demo1.PriorityDemo -->
